2026-03-04 21:26:16 [32minfo[39m: [dependency-agent] Starting Dependency Mapping Agent...
2026-03-04 21:26:16 [32minfo[39m: Neo4j driver initialized
2026-03-04 21:26:16 [32minfo[39m: [refactoring-agent] Starting Refactoring Agent...
2026-03-04 21:26:16 [32minfo[39m: [performance-agent] Starting Performance Agent...
2026-03-04 21:26:16 [32minfo[39m: Neo4j driver initialized
2026-03-04 21:26:16 [32minfo[39m: [discovery-agent] Starting API Discovery Agent...
2026-03-04 21:26:16 [32minfo[39m: [security-agent] Starting Security Analysis Agent...
2026-03-04 21:26:16 [32minfo[39m: Neo4j driver initialized
2026-03-04 21:26:50 [32minfo[39m: [dependency-agent] Starting Dependency Mapping Agent...
2026-03-04 21:26:50 [32minfo[39m: Neo4j driver initialized
2026-03-04 21:26:50 [32minfo[39m: [refactoring-agent] Starting Refactoring Agent...
2026-03-04 21:26:50 [32minfo[39m: Neo4j driver initialized
2026-03-04 21:26:50 [32minfo[39m: [performance-agent] Starting Performance Agent...
2026-03-04 21:26:50 [32minfo[39m: Neo4j driver initialized
2026-03-04 21:26:50 [32minfo[39m: [discovery-agent] Starting API Discovery Agent...
2026-03-04 21:26:50 [32minfo[39m: [security-agent] Starting Security Analysis Agent...
2026-03-04 21:26:50 [32minfo[39m: Neo4j driver initialized
2026-03-04 21:26:50 [32minfo[39m: Neo4j driver initialized
2026-03-04 21:26:51 [32minfo[39m: [gateway] Initializing Project42 Gateway...
2026-03-04 21:26:51 [31merror[39m: Security agent failed {"error":"The client is unauthorized due to authentication failure."}
2026-03-04 21:26:51 [31merror[39m: Refactoring agent failed {"error":"The client is unauthorized due to authentication failure."}
2026-03-04 21:26:51 [31merror[39m: Dependency agent failed {"error":"The client is unauthorized due to authentication failure."}
2026-03-04 21:26:51 [31merror[39m: Performance agent failed {"error":"The client is unauthorized due to authentication failure."}
2026-03-04 21:26:51 [31merror[39m: Discovery agent failed {"error":"The client is unauthorized due to authentication failure."}
2026-03-04 21:26:58 [32minfo[39m: Created Kafka topics: api.discovered, dependency.mapped, security.alert, performance.issue, refactor.suggestion, governance.command
2026-03-04 21:26:58 [32minfo[39m: Neo4j driver initialized
2026-03-04 21:26:58 [31merror[39m: Failed to bootstrap gateway {"error":"The client is unauthorized due to authentication failure."}
2026-03-04 21:32:28 [32minfo[39m: [dependency-agent] Starting Dependency Mapping Agent...
2026-03-04 21:32:28 [32minfo[39m: Neo4j driver initialized
2026-03-04 21:32:28 [32minfo[39m: [performance-agent] Starting Performance Agent...
2026-03-04 21:32:28 [32minfo[39m: Neo4j driver initialized
2026-03-04 21:32:28 [32minfo[39m: [discovery-agent] Starting API Discovery Agent...
2026-03-04 21:32:28 [32minfo[39m: Neo4j driver initialized
2026-03-04 21:32:28 [32minfo[39m: [security-agent] Starting Security Analysis Agent...
2026-03-04 21:32:28 [32minfo[39m: Neo4j driver initialized
2026-03-04 21:32:28 [32minfo[39m: [refactoring-agent] Starting Refactoring Agent...
2026-03-04 21:32:28 [32minfo[39m: Neo4j driver initialized
2026-03-04 21:32:29 [32minfo[39m: [gateway] Initializing Project42 Gateway...
2026-03-04 21:32:32 [32minfo[39m: Created Kafka topics: api.discovered, dependency.mapped, security.alert, performance.issue, refactor.suggestion, governance.command
2026-03-04 21:32:32 [32minfo[39m: Neo4j driver initialized
2026-03-04 21:32:33 [31merror[39m: Performance agent failed {"error":"ForsetiClient[transactionId=7, clientId=4] can't acquire UpdateLock{owners=ForsetiClient[transactionId=4, clientId=1], ForsetiClient[transactionId=3, clientId=2], ForsetiClient[transactionId=6, clientId=3], ForsetiClient[transactionId=7, clientId=4], ForsetiClient[transactionId=5, clientId=5], ForsetiClient[transactionId=8, clientId=6], refCount=6} on LABEL(0) because holders of that lock are waiting for ForsetiClient[transactionId=7, clientId=4].\n Wait list:SharedLock[\nClient[4] waits for [ForsetiClient[transactionId=3, clientId=2],ForsetiClient[transactionId=6, clientId=3],ForsetiClient[transactionId=7, clientId=4],ForsetiClient[transactionId=5, clientId=5],ForsetiClient[transactionId=8, clientId=6]], \nClient[3] waits for [ForsetiClient[transactionId=4, clientId=1],ForsetiClient[transactionId=6, clientId=3],ForsetiClient[transactionId=7, clientId=4],ForsetiClient[transactionId=5, clientId=5],ForsetiClient[transactionId=8, clientId=6]], \nClient[6] waits for [ForsetiClient[transactionId=4, clientId=1],ForsetiClient[transactionId=3, clientId=2],ForsetiClient[transactionId=7, clientId=4],ForsetiClient[transactionId=5, clientId=5],ForsetiClient[transactionId=8, clientId=6]], \nClient[7] waits for [ForsetiClient[transactionId=4, clientId=1],ForsetiClient[transactionId=3, clientId=2],ForsetiClient[transactionId=6, clientId=3],ForsetiClient[transactionId=5, clientId=5],ForsetiClient[transactionId=8, clientId=6]], \nClient[5] waits for [ForsetiClient[transactionId=4, clientId=1],ForsetiClient[transactionId=3, clientId=2],ForsetiClient[transactionId=6, clientId=3],ForsetiClient[transactionId=7, clientId=4],ForsetiClient[transactionId=8, clientId=6]], \nClient[8] waits for []]"}
2026-03-04 21:32:33 [31merror[39m: Failed to bootstrap gateway {"error":"ForsetiClient[transactionId=8, clientId=6] can't acquire UpdateLock{owners=ForsetiClient[transactionId=4, clientId=1], ForsetiClient[transactionId=3, clientId=2], ForsetiClient[transactionId=6, clientId=3], ForsetiClient[transactionId=7, clientId=4], ForsetiClient[transactionId=5, clientId=5], ForsetiClient[transactionId=8, clientId=6], refCount=6} on LABEL(0) because holders of that lock are waiting for ForsetiClient[transactionId=8, clientId=6].\n Wait list:SharedLock[\nClient[4] waits for [ForsetiClient[transactionId=3, clientId=2],ForsetiClient[transactionId=6, clientId=3],ForsetiClient[transactionId=7, clientId=4],ForsetiClient[transactionId=5, clientId=5],ForsetiClient[transactionId=8, clientId=6]], \nClient[3] waits for [ForsetiClient[transactionId=4, clientId=1]], \nClient[6] waits for [ForsetiClient[transactionId=4, clientId=1],ForsetiClient[transactionId=3, clientId=2],ForsetiClient[transactionId=7, clientId=4],ForsetiClient[transactionId=5, clientId=5],ForsetiClient[transactionId=8, clientId=6]], \nClient[7] waits for [ForsetiClient[transactionId=4, clientId=1],ForsetiClient[transactionId=3, clientId=2],ForsetiClient[transactionId=6, clientId=3],ForsetiClient[transactionId=5, clientId=5],ForsetiClient[transactionId=8, clientId=6]], \nClient[5] waits for [ForsetiClient[transactionId=4, clientId=1],ForsetiClient[transactionId=3, clientId=2],ForsetiClient[transactionId=6, clientId=3],ForsetiClient[transactionId=7, clientId=4],ForsetiClient[transactionId=8, clientId=6]], \nClient[8] waits for [ForsetiClient[transactionId=4, clientId=1],ForsetiClient[transactionId=3, clientId=2],ForsetiClient[transactionId=6, clientId=3],ForsetiClient[transactionId=7, clientId=4],ForsetiClient[transactionId=5, clientId=5]]]"}
2026-03-04 21:32:33 [31merror[39m: Refactoring agent failed {"error":"ForsetiClient[transactionId=4, clientId=1] can't acquire UpdateLock{owners=ForsetiClient[transactionId=4, clientId=1], ForsetiClient[transactionId=3, clientId=2], ForsetiClient[transactionId=6, clientId=3], ForsetiClient[transactionId=7, clientId=4], ForsetiClient[transactionId=5, clientId=5], ForsetiClient[transactionId=8, clientId=6], refCount=6} on LABEL(0) because holders of that lock are waiting for ForsetiClient[transactionId=4, clientId=1].\n Wait list:SharedLock[\nClient[4] waits for [ForsetiClient[transactionId=3, clientId=2],ForsetiClient[transactionId=6, clientId=3],ForsetiClient[transactionId=7, clientId=4],ForsetiClient[transactionId=5, clientId=5],ForsetiClient[transactionId=8, clientId=6]], \nClient[3] waits for [ForsetiClient[transactionId=4, clientId=1],ForsetiClient[transactionId=6, clientId=3],ForsetiClient[transactionId=7, clientId=4],ForsetiClient[transactionId=5, clientId=5],ForsetiClient[transactionId=8, clientId=6]], \nClient[6] waits for [ForsetiClient[transactionId=4, clientId=1],ForsetiClient[transactionId=3, clientId=2],ForsetiClient[transactionId=7, clientId=4],ForsetiClient[transactionId=5, clientId=5],ForsetiClient[transactionId=8, clientId=6]], \nClient[7] waits for [ForsetiClient[transactionId=4, clientId=1],ForsetiClient[transactionId=3, clientId=2],ForsetiClient[transactionId=6, clientId=3],ForsetiClient[transactionId=5, clientId=5],ForsetiClient[transactionId=8, clientId=6]], \nClient[5] waits for [ForsetiClient[transactionId=4, clientId=1],ForsetiClient[transactionId=3, clientId=2],ForsetiClient[transactionId=6, clientId=3],ForsetiClient[transactionId=7, clientId=4],ForsetiClient[transactionId=8, clientId=6]], \nClient[8] waits for []]"}
2026-03-04 21:32:33 [31merror[39m: Security agent failed {"error":"ForsetiClient[transactionId=6, clientId=3] can't acquire SharedLock{owners=ForsetiClient[transactionId=4, clientId=1], ForsetiClient[transactionId=3, clientId=2], ForsetiClient[transactionId=6, clientId=3], ForsetiClient[transactionId=7, clientId=4], ForsetiClient[transactionId=5, clientId=5], ForsetiClient[transactionId=8, clientId=6], refCount=6} on LABEL(0) because holders of that lock are waiting for ForsetiClient[transactionId=6, clientId=3].\n Wait list:SharedLock[\nClient[4] waits for [], \nClient[3] waits for [ForsetiClient[transactionId=4, clientId=1]], \nClient[6] waits for [ForsetiClient[transactionId=4, clientId=1],ForsetiClient[transactionId=3, clientId=2],ForsetiClient[transactionId=7, clientId=4],ForsetiClient[transactionId=5, clientId=5],ForsetiClient[transactionId=8, clientId=6]], \nClient[7] waits for [], \nClient[5] waits for [ForsetiClient[transactionId=4, clientId=1],ForsetiClient[transactionId=3, clientId=2],ForsetiClient[transactionId=6, clientId=3],ForsetiClient[transactionId=7, clientId=4],ForsetiClient[transactionId=8, clientId=6]], \nClient[8] waits for []]"}
2026-03-04 21:32:33 [31merror[39m: Dependency agent failed {"error":"ForsetiClient[transactionId=5, clientId=5] can't acquire UpdateLock{owners=ForsetiClient[transactionId=4, clientId=1], ForsetiClient[transactionId=3, clientId=2], ForsetiClient[transactionId=6, clientId=3], ForsetiClient[transactionId=7, clientId=4], ForsetiClient[transactionId=5, clientId=5], ForsetiClient[transactionId=8, clientId=6], refCount=6} on LABEL(0) because holders of that lock are waiting for ForsetiClient[transactionId=5, clientId=5].\n Wait list:SharedLock[\nClient[4] waits for [ForsetiClient[transactionId=3, clientId=2],ForsetiClient[transactionId=6, clientId=3],ForsetiClient[transactionId=7, clientId=4],ForsetiClient[transactionId=5, clientId=5],ForsetiClient[transactionId=8, clientId=6]], \nClient[3] waits for [ForsetiClient[transactionId=4, clientId=1],ForsetiClient[transactionId=6, clientId=3],ForsetiClient[transactionId=7, clientId=4],ForsetiClient[transactionId=5, clientId=5],ForsetiClient[transactionId=8, clientId=6]], \nClient[6] waits for [ForsetiClient[transactionId=4, clientId=1],ForsetiClient[transactionId=3, clientId=2],ForsetiClient[transactionId=7, clientId=4],ForsetiClient[transactionId=5, clientId=5],ForsetiClient[transactionId=8, clientId=6]], \nClient[7] waits for [ForsetiClient[transactionId=4, clientId=1],ForsetiClient[transactionId=3, clientId=2],ForsetiClient[transactionId=6, clientId=3],ForsetiClient[transactionId=5, clientId=5],ForsetiClient[transactionId=8, clientId=6]], \nClient[5] waits for [ForsetiClient[transactionId=4, clientId=1],ForsetiClient[transactionId=3, clientId=2],ForsetiClient[transactionId=6, clientId=3],ForsetiClient[transactionId=7, clientId=4],ForsetiClient[transactionId=8, clientId=6]], \nClient[8] waits for []]"}
2026-03-04 21:32:34 [32minfo[39m: Neo4j schema initialized
2026-03-04 21:32:34 [32minfo[39m: Kafka producer connected
2026-03-04 21:32:34 [32minfo[39m: Kafka consumer connected [group: discovery-agent-group]
2026-03-04 21:32:43 [32minfo[39m: [discovery-agent] API Discovery Agent is running
2026-03-04 21:33:43 [32minfo[39m: [discovery-agent] Running scheduled re-scan of all services...
2026-03-04 21:34:43 [32minfo[39m: [discovery-agent] Running scheduled re-scan of all services...
2026-03-04 21:40:50 [32minfo[39m: [security-agent] Starting Security Analysis Agent...
2026-03-04 21:40:50 [32minfo[39m: [refactoring-agent] Starting Refactoring Agent...
2026-03-04 21:40:50 [32minfo[39m: [dependency-agent] Starting Dependency Mapping Agent...
2026-03-04 21:40:50 [32minfo[39m: [discovery-agent] Starting API Discovery Agent...
2026-03-04 21:40:50 [32minfo[39m: [performance-agent] Starting Performance Agent...
2026-03-04 21:40:50 [32minfo[39m: Kafka producer connected
2026-03-04 21:40:50 [32minfo[39m: Kafka producer connected
2026-03-04 21:40:50 [32minfo[39m: Kafka producer connected
2026-03-04 21:40:50 [32minfo[39m: Kafka producer connected
2026-03-04 21:40:50 [32minfo[39m: Kafka producer connected
2026-03-04 21:40:50 [32minfo[39m: [gateway] Initializing Project42 Gateway...
2026-03-04 21:40:50 [32minfo[39m: Kafka consumer connected [group: refactoring-agent-group]
2026-03-04 21:40:50 [32minfo[39m: Kafka consumer connected [group: discovery-agent-group]
2026-03-04 21:40:51 [32minfo[39m: Kafka consumer connected [group: dependency-agent-group]
2026-03-04 21:40:51 [32minfo[39m: Kafka consumer connected [group: security-agent-group]
2026-03-04 21:40:51 [32minfo[39m: Kafka consumer connected [group: performance-agent-group]
2026-03-04 21:40:51 [32minfo[39m: All Kafka topics already exist
2026-03-04 21:40:51 [32minfo[39m: Neo4j driver initialized
2026-03-04 21:40:55 [32minfo[39m: [discovery-agent] API Discovery Agent is running
2026-03-04 21:40:55 [32minfo[39m: [dependency-agent] Dependency Mapping Agent is running
2026-03-04 21:40:55 [32minfo[39m: [performance-agent] Performance Agent is running
2026-03-04 21:40:55 [32minfo[39m: [security-agent] Security Analysis Agent is running
2026-03-04 21:40:55 [32minfo[39m: [refactoring-agent] Refactoring Agent is running
2026-03-04 21:40:59 [32minfo[39m: Neo4j schema initialized
2026-03-04 21:40:59 [32minfo[39m: [gateway] Gateway running on http://localhost:3000
2026-03-04 21:40:59 [32minfo[39m: [gateway] Metrics available at http://localhost:3000/metrics
2026-03-04 21:41:55 [32minfo[39m: [discovery-agent] Running scheduled re-scan of all services...
2026-03-04 21:41:55 [32minfo[39m: Neo4j driver initialized
2026-03-04 21:42:55 [32minfo[39m: [discovery-agent] Running scheduled re-scan of all services...
2026-03-04 21:42:55 [32minfo[39m: Neo4j driver initialized
2026-03-04 21:42:59 [32minfo[39m: [performance-agent] Bottleneck detection complete
2026-03-04 21:43:55 [32minfo[39m: [discovery-agent] Running scheduled re-scan of all services...
2026-03-04 21:44:36 [32minfo[39m: [gateway] GET / - 200
2026-03-04 21:44:52 [32minfo[39m: Kafka producer connected
2026-03-04 21:44:52 [32minfo[39m: [discovery-route] Service registered: test-service
2026-03-04 21:44:52 [32minfo[39m: [gateway] POST /register - 201
2026-03-04 21:44:52 [32minfo[39m: [discovery-agent] Scanning service: test-service @ http://localhost:8080
2026-03-04 21:44:55 [32minfo[39m: [discovery-agent] Running scheduled re-scan of all services...
2026-03-04 21:44:55 [32minfo[39m: [performance-agent] Bottleneck detection complete
2026-03-04 21:44:55 [32minfo[39m: [discovery-agent] Scanning service: test-service @ http://localhost:8080
2026-03-04 21:44:57 [33mwarn[39m: [discovery-agent] No OpenAPI spec found for test-service
2026-03-04 21:44:57 [33mwarn[39m: [discovery-agent] No OpenAPI spec found for test-service
2026-03-04 21:45:04 [32minfo[39m: [gateway] GET /apis - 200
2026-03-04 21:45:16 [32minfo[39m: [gateway] GET /alerts - 200
2026-03-04 21:45:55 [32minfo[39m: [security-agent] Running full security scan...
2026-03-04 21:45:55 [32minfo[39m: [discovery-agent] Running scheduled re-scan of all services...
2026-03-04 21:45:55 [32minfo[39m: Neo4j driver initialized
2026-03-04 21:45:55 [32minfo[39m: [discovery-agent] Scanning service: test-service @ http://localhost:8080
2026-03-04 21:45:55 [33mwarn[39m: [discovery-agent] No OpenAPI spec found for test-service
2026-03-04 21:45:55 [32minfo[39m: [security-agent] Security scan complete: 0 endpoints analyzed
2026-03-04 21:46:55 [32minfo[39m: [discovery-agent] Running scheduled re-scan of all services...
2026-03-04 21:46:55 [32minfo[39m: [performance-agent] Bottleneck detection complete
2026-03-04 21:46:55 [32minfo[39m: [discovery-agent] Scanning service: test-service @ http://localhost:8080
2026-03-04 21:46:55 [33mwarn[39m: [discovery-agent] No OpenAPI spec found for test-service
2026-03-04 21:47:55 [32minfo[39m: [discovery-agent] Running scheduled re-scan of all services...
2026-03-04 21:47:55 [32minfo[39m: [discovery-agent] Scanning service: test-service @ http://localhost:8080
2026-03-04 21:47:55 [33mwarn[39m: [discovery-agent] No OpenAPI spec found for test-service
2026-03-04 21:48:55 [32minfo[39m: [discovery-agent] Running scheduled re-scan of all services...
2026-03-04 21:48:55 [32minfo[39m: [performance-agent] Bottleneck detection complete
2026-03-04 21:48:55 [32minfo[39m: [discovery-agent] Scanning service: test-service @ http://localhost:8080
2026-03-04 21:48:55 [33mwarn[39m: [discovery-agent] No OpenAPI spec found for test-service
2026-03-04 21:49:55 [32minfo[39m: [discovery-agent] Running scheduled re-scan of all services...
2026-03-04 21:49:55 [32minfo[39m: [discovery-agent] Scanning service: test-service @ http://localhost:8080
2026-03-04 21:49:55 [33mwarn[39m: [discovery-agent] No OpenAPI spec found for test-service
2026-03-04 21:50:55 [32minfo[39m: [security-agent] Running full security scan...
2026-03-04 21:50:55 [32minfo[39m: [security-agent] Security scan complete: 0 endpoints analyzed
2026-03-04 21:50:55 [32minfo[39m: [discovery-agent] Running scheduled re-scan of all services...
2026-03-04 21:50:55 [32minfo[39m: [performance-agent] Bottleneck detection complete
2026-03-04 21:50:55 [32minfo[39m: [discovery-agent] Scanning service: test-service @ http://localhost:8080
2026-03-04 21:50:55 [33mwarn[39m: [discovery-agent] No OpenAPI spec found for test-service
2026-03-04 21:51:55 [32minfo[39m: [discovery-agent] Running scheduled re-scan of all services...
2026-03-04 21:51:55 [32minfo[39m: [discovery-agent] Scanning service: test-service @ http://localhost:8080
2026-03-04 21:51:55 [33mwarn[39m: [discovery-agent] No OpenAPI spec found for test-service
2026-03-04 21:52:55 [32minfo[39m: [performance-agent] Bottleneck detection complete
2026-03-04 21:52:55 [32minfo[39m: [discovery-agent] Running scheduled re-scan of all services...
2026-03-04 21:52:55 [32minfo[39m: [discovery-agent] Scanning service: test-service @ http://localhost:8080
2026-03-04 21:52:55 [33mwarn[39m: [discovery-agent] No OpenAPI spec found for test-service
